x264 configure script
Command line options: "--enable-static"

checking whether gcc works... yes
checking whether gcc supports for( int i = 0; i < 9; i++ ); with -std=gnu99... yes
checking whether yasm supports vpaddw xmm0, xmm0, xmm0... yes
checking whether gcc supports __asm__("pabsw %xmm0, %xmm0");... yes
checking for pthread_create(0,0,0,0); in pthread.h... yes
checking for return log2f(2); in math.h... yes
checking for sws_getContext(0,0,0,0,0,0,0,0,0,0); in libswscale/swscale.h... no
Failed commandline was:
--------------------------------------------------
gcc conftest.c  -Wall -I. -march=i686 -mfpmath=sse -msse -std=gnu99  -lswscale -lavutil   -Wl,--large-address-aware -lpthread -o conftest
conftest.c:1:32: error: libswscale/swscale.h: No such file or directory
conftest.c: In function 'main':
conftest.c:2: warning: implicit declaration of function 'sws_getContext'
--------------------------------------------------
Failed program was:
--------------------------------------------------
#include <libswscale/swscale.h>
int main () { sws_getContext(0,0,0,0,0,0,0,0,0,0); return 0; }
--------------------------------------------------
checking for -lpostproc... no
Failed commandline was:
--------------------------------------------------
gcc conftest.c  -Wall -I. -march=i686 -mfpmath=sse -msse -std=gnu99 -lpostproc   -Wl,--large-address-aware -lpthread -o conftest
d:/programme/codeblocks/mingw/bin/../lib/gcc/mingw32/4.4.1/../../../../mingw32/bin/ld.exe: cannot find -lpostproc
collect2: ld returned 1 exit status
--------------------------------------------------
Failed program was:
--------------------------------------------------
int main () {  return 0; }
--------------------------------------------------
checking for -lavcodec... no
Failed commandline was:
--------------------------------------------------
gcc conftest.c  -Wall -I. -march=i686 -mfpmath=sse -msse -std=gnu99 -lavcodec   -Wl,--large-address-aware -lpthread -o conftest
d:/programme/codeblocks/mingw/bin/../lib/gcc/mingw32/4.4.1/../../../../mingw32/bin/ld.exe: cannot find -lavcodec
collect2: ld returned 1 exit status
--------------------------------------------------
Failed program was:
--------------------------------------------------
int main () {  return 0; }
--------------------------------------------------
checking for -lavcore... no
Failed commandline was:
--------------------------------------------------
gcc conftest.c  -Wall -I. -march=i686 -mfpmath=sse -msse -std=gnu99 -lavcore   -Wl,--large-address-aware -lpthread -o conftest
d:/programme/codeblocks/mingw/bin/../lib/gcc/mingw32/4.4.1/../../../../mingw32/bin/ld.exe: cannot find -lavcore
collect2: ld returned 1 exit status
--------------------------------------------------
Failed program was:
--------------------------------------------------
int main () {  return 0; }
--------------------------------------------------
checking for -lswscale... no
Failed commandline was:
--------------------------------------------------
gcc conftest.c  -Wall -I. -march=i686 -mfpmath=sse -msse -std=gnu99 -lswscale   -Wl,--large-address-aware -lpthread -o conftest
d:/programme/codeblocks/mingw/bin/../lib/gcc/mingw32/4.4.1/../../../../mingw32/bin/ld.exe: cannot find -lswscale
collect2: ld returned 1 exit status
--------------------------------------------------
Failed program was:
--------------------------------------------------
int main () {  return 0; }
--------------------------------------------------
checking for -lavutil... no
Failed commandline was:
--------------------------------------------------
gcc conftest.c  -Wall -I. -march=i686 -mfpmath=sse -msse -std=gnu99 -lavutil   -Wl,--large-address-aware -lpthread -o conftest
d:/programme/codeblocks/mingw/bin/../lib/gcc/mingw32/4.4.1/../../../../mingw32/bin/ld.exe: cannot find -lavutil
collect2: ld returned 1 exit status
--------------------------------------------------
Failed program was:
--------------------------------------------------
int main () {  return 0; }
--------------------------------------------------
checking for -lm... yes
checking for -lz... no
Failed commandline was:
--------------------------------------------------
gcc conftest.c  -Wall -I. -march=i686 -mfpmath=sse -msse -std=gnu99 -lz   -Wl,--large-address-aware -lpthread -o conftest
d:/programme/codeblocks/mingw/bin/../lib/gcc/mingw32/4.4.1/../../../../mingw32/bin/ld.exe: cannot find -lz
collect2: ld returned 1 exit status
--------------------------------------------------
Failed program was:
--------------------------------------------------
int main () {  return 0; }
--------------------------------------------------
checking for -lbz2... no
Failed commandline was:
--------------------------------------------------
gcc conftest.c  -Wall -I. -march=i686 -mfpmath=sse -msse -std=gnu99 -lbz2   -Wl,--large-address-aware -lpthread -o conftest
d:/programme/codeblocks/mingw/bin/../lib/gcc/mingw32/4.4.1/../../../../mingw32/bin/ld.exe: cannot find -lbz2
collect2: ld returned 1 exit status
--------------------------------------------------
Failed program was:
--------------------------------------------------
int main () {  return 0; }
--------------------------------------------------
checking for -lpthread... yes
checking for -lavifil32... yes
checking for avcodec_decode_video2(0,0,0,0); in libavformat/avformat.h... no
Failed commandline was:
--------------------------------------------------
gcc conftest.c  -Wall -I. -march=i686 -mfpmath=sse -msse -std=gnu99  -L. -lavformat -lm -lpthread -lavifil32   -Wl,--large-address-aware -lpthread -o conftest
conftest.c:1:34: error: libavformat/avformat.h: No such file or directory
conftest.c: In function 'main':
conftest.c:2: warning: implicit declaration of function 'avcodec_decode_video2'
--------------------------------------------------
Failed program was:
--------------------------------------------------
#include <libavformat/avformat.h>
int main () { avcodec_decode_video2(0,0,0,0); return 0; }
--------------------------------------------------
checking for FFMS_DestroyVideoSource(0); in ffms.h... no
Failed commandline was:
--------------------------------------------------
gcc conftest.c  -Wall -I. -march=i686 -mfpmath=sse -msse -std=gnu99  -lffms2   -Wl,--large-address-aware -lpthread -o conftest
conftest.c:1:18: error: ffms.h: No such file or directory
conftest.c: In function 'main':
conftest.c:2: warning: implicit declaration of function 'FFMS_DestroyVideoSource'
--------------------------------------------------
Failed program was:
--------------------------------------------------
#include <ffms.h>
int main () { FFMS_DestroyVideoSource(0); return 0; }
--------------------------------------------------
checking for FFMS_DestroyVideoSource(0); in ffms.h... no
Failed commandline was:
--------------------------------------------------
gcc conftest.c  -Wall -I. -march=i686 -mfpmath=sse -msse -std=gnu99  -lffms2 -lstdc++ -L. -lavformat -lm -lpthread -lavifil32   -Wl,--large-address-aware -lpthread -o conftest
conftest.c:1:18: error: ffms.h: No such file or directory
conftest.c: In function 'main':
conftest.c:2: warning: implicit declaration of function 'FFMS_DestroyVideoSource'
--------------------------------------------------
Failed program was:
--------------------------------------------------
#include <ffms.h>
int main () { FFMS_DestroyVideoSource(0); return 0; }
--------------------------------------------------
checking for -lz... no
Failed commandline was:
--------------------------------------------------
gcc conftest.c  -Wall -I. -march=i686 -mfpmath=sse -msse -std=gnu99 -lz   -Wl,--large-address-aware -lpthread -o conftest
d:/programme/codeblocks/mingw/bin/../lib/gcc/mingw32/4.4.1/../../../../mingw32/bin/ld.exe: cannot find -lz
collect2: ld returned 1 exit status
--------------------------------------------------
Failed program was:
--------------------------------------------------
int main () {  return 0; }
--------------------------------------------------
checking for gpac/isomedia.h... no
Failed commandline was:
--------------------------------------------------
gcc conftest.c  -Wall -I. -march=i686 -mfpmath=sse -msse -std=gnu99 -lgpac_static -lwinmm   -Wl,--large-address-aware -lpthread -o conftest
conftest.c:1:27: error: gpac/isomedia.h: No such file or directory
--------------------------------------------------
Failed program was:
--------------------------------------------------
#include <gpac/isomedia.h>
int main () {  return 0; }
--------------------------------------------------
checking for uint32_t test_vec __attribute__ ((vector_size (16))) = {0,1,2,3}; in stdint.h... yes
checking for -fno-tree-vectorize... yes
checking for -fno-zero-initialized-in-bss... yes
checking for fseeko(stdin,0,0); in stdio.h... no
Failed commandline was:
--------------------------------------------------
gcc conftest.c -O3 -ffast-math  -Wall -I. -march=i686 -mfpmath=sse -msse -std=gnu99 -fomit-frame-pointer -fno-tree-vectorize -fno-zero-initialized-in-bss    -Wl,--large-address-aware -lpthread -o conftest
conftest.c: In function 'main':
conftest.c:2: warning: implicit declaration of function 'fseeko'
C:\Users\EINHOR~1\AppData\Local\Temp\cckKc9MU.o:conftest.c:(.text+0x27): undefined reference to `fseeko'
collect2: ld returned 1 exit status
--------------------------------------------------
Failed program was:
--------------------------------------------------
#include <stdio.h>
int main () { fseeko(stdin,0,0); return 0; }
--------------------------------------------------
checking for fseeko64(stdin,0,0); in stdio.h... yes
checking for -Wshadow... yes

Platform:   X86
System:     WINDOWS
cli:        yes
libx264:    internal
shared:     no
static:     yes
asm:        yes
interlaced: yes
avs:        yes
lavf:       no
ffms:       no
gpac:       no
gpl:        yes
thread:     posix
filters:    crop select_every 
debug:      no
gprof:      no
strip:      no
PIC:        no
visualize:  no
bit depth:  8
